[INFO] [2016-08-31 19:22:13][org.springframework.beans.factory.xml.XmlBeanDefinitionReader]Loading XML bean definitions from class path resource [spring-mybatis.xml]
[INFO] [2016-08-31 19:22:13][org.springframework.context.support.GenericApplicationContext]Refreshing org.springframework.context.support.GenericApplicationContext@2ef5e5e3: startup date [Wed Aug 31 19:22:13 CST 2016]; root of context hierarchy
[WARN] [2016-08-31 19:22:14][org.mybatis.spring.mapper.ClassPathMapperScanner]No MyBatis mapper was found in '[cn.hitachi.dao]' package. Please check your configuration.
[INFO] [2016-08-31 19:22:14][org.springframework.beans.factory.config.PropertyPlaceholderConfigurer]Loading properties file from class path resource [jdbc.properties]
[INFO] [2016-08-31 19:22:14][org.springframework.beans.factory.annotation.AutowiredAnnotationBeanPostProcessor]JSR-330 'javax.inject.Inject' annotation found and supported for autowiring
[ERROR] [2016-08-31 19:22:14][org.springframework.test.context.TestContextManager]Caught exception while allowing TestExecutionListener [org.springframework.test.context.support.DependencyInjectionTestExecutionListener@20deea7f] to prepare test instance [cn.hitachi.materialDB.test.TestMyBatis@3835c46]
java.lang.IllegalStateException: Failed to load ApplicationContext
	at org.springframework.test.context.CacheAwareContextLoaderDelegate.loadContext(CacheAwareContextLoaderDelegate.java:99)
	at org.springframework.test.context.DefaultTestContext.getApplicationContext(DefaultTestContext.java:101)
	at org.springframework.test.context.support.DependencyInjectionTestExecutionListener.injectDependencies(DependencyInjectionTestExecutionListener.java:109)
	at org.springframework.test.context.support.DependencyInjectionTestExecutionListener.prepareTestInstance(DependencyInjectionTestExecutionListener.java:75)
	at org.springframework.test.context.TestContextManager.prepareTestInstance(TestContextManager.java:319)
	at org.springframework.test.context.junit4.SpringJUnit4ClassRunner.createTest(SpringJUnit4ClassRunner.java:212)
	at org.springframework.test.context.junit4.SpringJUnit4ClassRunner$1.runReflectiveCall(SpringJUnit4ClassRunner.java:289)
	at org.junit.internal.runners.model.ReflectiveCallable.run(ReflectiveCallable.java:12)
	at org.springframework.test.context.junit4.SpringJUnit4ClassRunner.methodBlock(SpringJUnit4ClassRunner.java:291)
	at org.springframework.test.context.junit4.SpringJUnit4ClassRunner.runChild(SpringJUnit4ClassRunner.java:232)
	at org.springframework.test.context.junit4.SpringJUnit4ClassRunner.runChild(SpringJUnit4ClassRunner.java:89)
	at org.junit.runners.ParentRunner$3.run(ParentRunner.java:290)
	at org.junit.runners.ParentRunner$1.schedule(ParentRunner.java:71)
	at org.junit.runners.ParentRunner.runChildren(ParentRunner.java:288)
	at org.junit.runners.ParentRunner.access$000(ParentRunner.java:58)
	at org.junit.runners.ParentRunner$2.evaluate(ParentRunner.java:268)
	at org.springframework.test.context.junit4.statements.RunBeforeTestClassCallbacks.evaluate(RunBeforeTestClassCallbacks.java:61)
	at org.springframework.test.context.junit4.statements.RunAfterTestClassCallbacks.evaluate(RunAfterTestClassCallbacks.java:71)
	at org.junit.runners.ParentRunner.run(ParentRunner.java:363)
	at org.springframework.test.context.junit4.SpringJUnit4ClassRunner.run(SpringJUnit4ClassRunner.java:175)
	at org.eclipse.jdt.internal.junit4.runner.JUnit4TestReference.run(JUnit4TestReference.java:86)
	at org.eclipse.jdt.internal.junit.runner.TestExecution.run(TestExecution.java:38)
	at org.eclipse.jdt.internal.junit.runner.RemoteTestRunner.runTests(RemoteTestRunner.java:459)
	at org.eclipse.jdt.internal.junit.runner.RemoteTestRunner.runTests(RemoteTestRunner.java:675)
	at org.eclipse.jdt.internal.junit.runner.RemoteTestRunner.run(RemoteTestRunner.java:382)
	at org.eclipse.jdt.internal.junit.runner.RemoteTestRunner.main(RemoteTestRunner.java:192)
Caused by: org.springframework.beans.factory.BeanCreationException: Error creating bean with name 'userService': Injection of resource dependencies failed; nested exception is org.springframework.beans.factory.NoSuchBeanDefinitionException: No qualifying bean of type [cn.hitachi.materialDB.dao.IUserDao] found for dependency: expected at least 1 bean which qualifies as autowire candidate for this dependency. Dependency annotations: {@javax.annotation.Resource(shareable=true, lookup=, name=, description=, authenticationType=CONTAINER, type=class java.lang.Object, mappedName=)}
	at org.springframework.context.annotation.CommonAnnotationBeanPostProcessor.postProcessPropertyValues(CommonAnnotationBeanPostProcessor.java:307)
	at org.springframework.beans.factory.support.AbstractAutowireCapableBeanFactory.populateBean(AbstractAutowireCapableBeanFactory.java:1185)
	at org.springframework.beans.factory.support.AbstractAutowireCapableBeanFactory.doCreateBean(AbstractAutowireCapableBeanFactory.java:537)
	at org.springframework.beans.factory.support.AbstractAutowireCapableBeanFactory.createBean(AbstractAutowireCapableBeanFactory.java:475)
	at org.springframework.beans.factory.support.AbstractBeanFactory$1.getObject(AbstractBeanFactory.java:304)
	at org.springframework.beans.factory.support.DefaultSingletonBeanRegistry.getSingleton(DefaultSingletonBeanRegistry.java:228)
	at org.springframework.beans.factory.support.AbstractBeanFactory.doGetBean(AbstractBeanFactory.java:300)
	at org.springframework.beans.factory.support.AbstractBeanFactory.getBean(AbstractBeanFactory.java:195)
	at org.springframework.beans.factory.support.DefaultListableBeanFactory.preInstantiateSingletons(DefaultListableBeanFactory.java:700)
	at org.springframework.context.support.AbstractApplicationContext.finishBeanFactoryInitialization(AbstractApplicationContext.java:760)
	at org.springframework.context.support.AbstractApplicationContext.refresh(AbstractApplicationContext.java:482)
	at org.springframework.test.context.support.AbstractGenericContextLoader.loadContext(AbstractGenericContextLoader.java:121)
	at org.springframework.test.context.support.AbstractGenericContextLoader.loadContext(AbstractGenericContextLoader.java:60)
	at org.springframework.test.context.support.AbstractDelegatingSmartContextLoader.delegateLoading(AbstractDelegatingSmartContextLoader.java:100)
	at org.springframework.test.context.support.AbstractDelegatingSmartContextLoader.loadContext(AbstractDelegatingSmartContextLoader.java:250)
	at org.springframework.test.context.CacheAwareContextLoaderDelegate.loadContextInternal(CacheAwareContextLoaderDelegate.java:64)
	at org.springframework.test.context.CacheAwareContextLoaderDelegate.loadContext(CacheAwareContextLoaderDelegate.java:91)
	... 25 more
Caused by: org.springframework.beans.factory.NoSuchBeanDefinitionException: No qualifying bean of type [cn.hitachi.materialDB.dao.IUserDao] found for dependency: expected at least 1 bean which qualifies as autowire candidate for this dependency. Dependency annotations: {@javax.annotation.Resource(shareable=true, lookup=, name=, description=, authenticationType=CONTAINER, type=class java.lang.Object, mappedName=)}
	at org.springframework.beans.factory.support.DefaultListableBeanFactory.raiseNoSuchBeanDefinitionException(DefaultListableBeanFactory.java:1100)
	at org.springframework.beans.factory.support.DefaultListableBeanFactory.doResolveDependency(DefaultListableBeanFactory.java:960)
	at org.springframework.beans.factory.support.DefaultListableBeanFactory.resolveDependency(DefaultListableBeanFactory.java:855)
	at org.springframework.context.annotation.CommonAnnotationBeanPostProcessor.autowireResource(CommonAnnotationBeanPostProcessor.java:441)
	at org.springframework.context.annotation.CommonAnnotationBeanPostProcessor.getResource(CommonAnnotationBeanPostProcessor.java:419)
	at org.springframework.context.annotation.CommonAnnotationBeanPostProcessor$ResourceElement.getResourceToInject(CommonAnnotationBeanPostProcessor.java:544)
	at org.springframework.beans.factory.annotation.InjectionMetadata$InjectedElement.inject(InjectionMetadata.java:155)
	at org.springframework.beans.factory.annotation.InjectionMetadata.inject(InjectionMetadata.java:87)
	at org.springframework.context.annotation.CommonAnnotationBeanPostProcessor.postProcessPropertyValues(CommonAnnotationBeanPostProcessor.java:304)
	... 41 more
[INFO] [2016-08-31 19:50:48][org.springframework.beans.factory.xml.XmlBeanDefinitionReader]Loading XML bean definitions from class path resource [spring-mybatis.xml]
[INFO] [2016-08-31 19:50:48][org.springframework.context.support.GenericApplicationContext]Refreshing org.springframework.context.support.GenericApplicationContext@2ef5e5e3: startup date [Wed Aug 31 19:50:48 CST 2016]; root of context hierarchy
[WARN] [2016-08-31 19:50:48][org.mybatis.spring.mapper.ClassPathMapperScanner]No MyBatis mapper was found in '[cn.hitachi.dao]' package. Please check your configuration.
[INFO] [2016-08-31 19:50:48][org.springframework.beans.factory.config.PropertyPlaceholderConfigurer]Loading properties file from class path resource [jdbc.properties]
[INFO] [2016-08-31 19:50:48][org.springframework.beans.factory.annotation.AutowiredAnnotationBeanPostProcessor]JSR-330 'javax.inject.Inject' annotation found and supported for autowiring
[ERROR] [2016-08-31 19:50:48][org.springframework.test.context.TestContextManager]Caught exception while allowing TestExecutionListener [org.springframework.test.context.support.DependencyInjectionTestExecutionListener@20deea7f] to prepare test instance [cn.hitachi.materialDB.test.TestMyBatis@3835c46]
java.lang.IllegalStateException: Failed to load ApplicationContext
	at org.springframework.test.context.CacheAwareContextLoaderDelegate.loadContext(CacheAwareContextLoaderDelegate.java:99)
	at org.springframework.test.context.DefaultTestContext.getApplicationContext(DefaultTestContext.java:101)
	at org.springframework.test.context.support.DependencyInjectionTestExecutionListener.injectDependencies(DependencyInjectionTestExecutionListener.java:109)
	at org.springframework.test.context.support.DependencyInjectionTestExecutionListener.prepareTestInstance(DependencyInjectionTestExecutionListener.java:75)
	at org.springframework.test.context.TestContextManager.prepareTestInstance(TestContextManager.java:319)
	at org.springframework.test.context.junit4.SpringJUnit4ClassRunner.createTest(SpringJUnit4ClassRunner.java:212)
	at org.springframework.test.context.junit4.SpringJUnit4ClassRunner$1.runReflectiveCall(SpringJUnit4ClassRunner.java:289)
	at org.junit.internal.runners.model.ReflectiveCallable.run(ReflectiveCallable.java:12)
	at org.springframework.test.context.junit4.SpringJUnit4ClassRunner.methodBlock(SpringJUnit4ClassRunner.java:291)
	at org.springframework.test.context.junit4.SpringJUnit4ClassRunner.runChild(SpringJUnit4ClassRunner.java:232)
	at org.springframework.test.context.junit4.SpringJUnit4ClassRunner.runChild(SpringJUnit4ClassRunner.java:89)
	at org.junit.runners.ParentRunner$3.run(ParentRunner.java:290)
	at org.junit.runners.ParentRunner$1.schedule(ParentRunner.java:71)
	at org.junit.runners.ParentRunner.runChildren(ParentRunner.java:288)
	at org.junit.runners.ParentRunner.access$000(ParentRunner.java:58)
	at org.junit.runners.ParentRunner$2.evaluate(ParentRunner.java:268)
	at org.springframework.test.context.junit4.statements.RunBeforeTestClassCallbacks.evaluate(RunBeforeTestClassCallbacks.java:61)
	at org.springframework.test.context.junit4.statements.RunAfterTestClassCallbacks.evaluate(RunAfterTestClassCallbacks.java:71)
	at org.junit.runners.ParentRunner.run(ParentRunner.java:363)
	at org.springframework.test.context.junit4.SpringJUnit4ClassRunner.run(SpringJUnit4ClassRunner.java:175)
	at org.eclipse.jdt.internal.junit4.runner.JUnit4TestReference.run(JUnit4TestReference.java:86)
	at org.eclipse.jdt.internal.junit.runner.TestExecution.run(TestExecution.java:38)
	at org.eclipse.jdt.internal.junit.runner.RemoteTestRunner.runTests(RemoteTestRunner.java:459)
	at org.eclipse.jdt.internal.junit.runner.RemoteTestRunner.runTests(RemoteTestRunner.java:675)
	at org.eclipse.jdt.internal.junit.runner.RemoteTestRunner.run(RemoteTestRunner.java:382)
	at org.eclipse.jdt.internal.junit.runner.RemoteTestRunner.main(RemoteTestRunner.java:192)
Caused by: org.springframework.beans.factory.BeanCreationException: Error creating bean with name 'userService': Injection of resource dependencies failed; nested exception is org.springframework.beans.factory.NoSuchBeanDefinitionException: No qualifying bean of type [cn.hitachi.materialDB.dao.IUserDao] found for dependency: expected at least 1 bean which qualifies as autowire candidate for this dependency. Dependency annotations: {@javax.annotation.Resource(shareable=true, lookup=, name=, description=, authenticationType=CONTAINER, type=class java.lang.Object, mappedName=)}
	at org.springframework.context.annotation.CommonAnnotationBeanPostProcessor.postProcessPropertyValues(CommonAnnotationBeanPostProcessor.java:307)
	at org.springframework.beans.factory.support.AbstractAutowireCapableBeanFactory.populateBean(AbstractAutowireCapableBeanFactory.java:1185)
	at org.springframework.beans.factory.support.AbstractAutowireCapableBeanFactory.doCreateBean(AbstractAutowireCapableBeanFactory.java:537)
	at org.springframework.beans.factory.support.AbstractAutowireCapableBeanFactory.createBean(AbstractAutowireCapableBeanFactory.java:475)
	at org.springframework.beans.factory.support.AbstractBeanFactory$1.getObject(AbstractBeanFactory.java:304)
	at org.springframework.beans.factory.support.DefaultSingletonBeanRegistry.getSingleton(DefaultSingletonBeanRegistry.java:228)
	at org.springframework.beans.factory.support.AbstractBeanFactory.doGetBean(AbstractBeanFactory.java:300)
	at org.springframework.beans.factory.support.AbstractBeanFactory.getBean(AbstractBeanFactory.java:195)
	at org.springframework.beans.factory.support.DefaultListableBeanFactory.preInstantiateSingletons(DefaultListableBeanFactory.java:700)
	at org.springframework.context.support.AbstractApplicationContext.finishBeanFactoryInitialization(AbstractApplicationContext.java:760)
	at org.springframework.context.support.AbstractApplicationContext.refresh(AbstractApplicationContext.java:482)
	at org.springframework.test.context.support.AbstractGenericContextLoader.loadContext(AbstractGenericContextLoader.java:121)
	at org.springframework.test.context.support.AbstractGenericContextLoader.loadContext(AbstractGenericContextLoader.java:60)
	at org.springframework.test.context.support.AbstractDelegatingSmartContextLoader.delegateLoading(AbstractDelegatingSmartContextLoader.java:100)
	at org.springframework.test.context.support.AbstractDelegatingSmartContextLoader.loadContext(AbstractDelegatingSmartContextLoader.java:250)
	at org.springframework.test.context.CacheAwareContextLoaderDelegate.loadContextInternal(CacheAwareContextLoaderDelegate.java:64)
	at org.springframework.test.context.CacheAwareContextLoaderDelegate.loadContext(CacheAwareContextLoaderDelegate.java:91)
	... 25 more
Caused by: org.springframework.beans.factory.NoSuchBeanDefinitionException: No qualifying bean of type [cn.hitachi.materialDB.dao.IUserDao] found for dependency: expected at least 1 bean which qualifies as autowire candidate for this dependency. Dependency annotations: {@javax.annotation.Resource(shareable=true, lookup=, name=, description=, authenticationType=CONTAINER, type=class java.lang.Object, mappedName=)}
	at org.springframework.beans.factory.support.DefaultListableBeanFactory.raiseNoSuchBeanDefinitionException(DefaultListableBeanFactory.java:1100)
	at org.springframework.beans.factory.support.DefaultListableBeanFactory.doResolveDependency(DefaultListableBeanFactory.java:960)
	at org.springframework.beans.factory.support.DefaultListableBeanFactory.resolveDependency(DefaultListableBeanFactory.java:855)
	at org.springframework.context.annotation.CommonAnnotationBeanPostProcessor.autowireResource(CommonAnnotationBeanPostProcessor.java:441)
	at org.springframework.context.annotation.CommonAnnotationBeanPostProcessor.getResource(CommonAnnotationBeanPostProcessor.java:419)
	at org.springframework.context.annotation.CommonAnnotationBeanPostProcessor$ResourceElement.getResourceToInject(CommonAnnotationBeanPostProcessor.java:544)
	at org.springframework.beans.factory.annotation.InjectionMetadata$InjectedElement.inject(InjectionMetadata.java:155)
	at org.springframework.beans.factory.annotation.InjectionMetadata.inject(InjectionMetadata.java:87)
	at org.springframework.context.annotation.CommonAnnotationBeanPostProcessor.postProcessPropertyValues(CommonAnnotationBeanPostProcessor.java:304)
	... 41 more
[INFO] [2017-03-08 17:13:16][org.springframework.beans.factory.xml.XmlBeanDefinitionReader]Loading XML bean definitions from class path resource [spring-mybatis.xml]
[INFO] [2017-03-08 17:13:17][org.springframework.context.support.GenericApplicationContext]Refreshing org.springframework.context.support.GenericApplicationContext@f6c48ac: startup date [Wed Mar 08 17:13:17 CST 2017]; root of context hierarchy
[INFO] [2017-03-08 17:13:18][org.springframework.beans.factory.config.PropertyPlaceholderConfigurer]Loading properties file from class path resource [jdbc.properties]
[INFO] [2017-03-08 17:13:18][org.springframework.beans.factory.annotation.AutowiredAnnotationBeanPostProcessor]JSR-330 'javax.inject.Inject' annotation found and supported for autowiring
[INFO] [2017-03-08 17:13:20][cn.hitachi.materialDB.test.TestMyBatis]{"password":"123456","type":"admin","userId":1,"username":"zouzijun135@gmail.com"}
[INFO] [2017-03-08 17:13:20][org.springframework.context.support.GenericApplicationContext]Closing org.springframework.context.support.GenericApplicationContext@f6c48ac: startup date [Wed Mar 08 17:13:17 CST 2017]; root of context hierarchy
[INFO] [2017-03-13 10:32:59][org.springframework.beans.factory.xml.XmlBeanDefinitionReader]Loading XML bean definitions from class path resource [spring-mybatis.xml]
[INFO] [2017-03-13 10:33:00][org.springframework.context.support.GenericApplicationContext]Refreshing org.springframework.context.support.GenericApplicationContext@f6c48ac: startup date [Mon Mar 13 10:33:00 CST 2017]; root of context hierarchy
[INFO] [2017-03-13 10:33:00][org.springframework.beans.factory.config.PropertyPlaceholderConfigurer]Loading properties file from class path resource [jdbc.properties]
[INFO] [2017-03-13 10:33:00][org.springframework.beans.factory.annotation.AutowiredAnnotationBeanPostProcessor]JSR-330 'javax.inject.Inject' annotation found and supported for autowiring
[INFO] [2017-03-13 10:33:02][cn.hitachi.materialDB.test.TestMyBatis]{"password":"123456","type":"admin","userId":1,"username":"zouzijun135@gmail.com"}
[INFO] [2017-03-13 10:33:02][org.springframework.context.support.GenericApplicationContext]Closing org.springframework.context.support.GenericApplicationContext@f6c48ac: startup date [Mon Mar 13 10:33:00 CST 2017]; root of context hierarchy
[INFO] [2017-03-15 09:17:35][org.springframework.beans.factory.xml.XmlBeanDefinitionReader]Loading XML bean definitions from class path resource [spring-mybatis.xml]
[INFO] [2017-03-15 09:17:35][org.springframework.context.support.GenericApplicationContext]Refreshing org.springframework.context.support.GenericApplicationContext@f6c48ac: startup date [Wed Mar 15 09:17:35 CST 2017]; root of context hierarchy
[INFO] [2017-03-15 09:17:35][org.springframework.beans.factory.config.PropertyPlaceholderConfigurer]Loading properties file from class path resource [jdbc.properties]
[INFO] [2017-03-15 09:17:35][org.springframework.beans.factory.annotation.AutowiredAnnotationBeanPostProcessor]JSR-330 'javax.inject.Inject' annotation found and supported for autowiring
[INFO] [2017-03-15 09:17:36][cn.hitachi.materialDB.test.TestMyBatis]{"password":"123456","type":"admin","userId":1,"username":"zouzijun135@gmail.com"}
[INFO] [2017-03-15 09:17:36][org.springframework.context.support.GenericApplicationContext]Closing org.springframework.context.support.GenericApplicationContext@f6c48ac: startup date [Wed Mar 15 09:17:35 CST 2017]; root of context hierarchy
[INFO] [2017-03-15 15:55:39][org.springframework.beans.factory.xml.XmlBeanDefinitionReader]Loading XML bean definitions from class path resource [spring-mybatis.xml]
[INFO] [2017-03-15 15:55:40][org.springframework.context.support.GenericApplicationContext]Refreshing org.springframework.context.support.GenericApplicationContext@f6c48ac: startup date [Wed Mar 15 15:55:40 CST 2017]; root of context hierarchy
[INFO] [2017-03-15 15:55:40][org.springframework.beans.factory.config.PropertyPlaceholderConfigurer]Loading properties file from class path resource [jdbc.properties]
[INFO] [2017-03-15 15:55:40][org.springframework.beans.factory.annotation.AutowiredAnnotationBeanPostProcessor]JSR-330 'javax.inject.Inject' annotation found and supported for autowiring
[INFO] [2017-03-15 15:55:42][cn.hitachi.materialDB.test.TestMyBatis]{"password":"123456","type":"admin","userId":1,"username":"zouzijun135@gmail.com"}
[INFO] [2017-03-15 15:55:42][org.springframework.context.support.GenericApplicationContext]Closing org.springframework.context.support.GenericApplicationContext@f6c48ac: startup date [Wed Mar 15 15:55:40 CST 2017]; root of context hierarchy
[INFO] [2017-03-15 17:31:17][org.springframework.beans.factory.xml.XmlBeanDefinitionReader]Loading XML bean definitions from class path resource [spring-mybatis.xml]
[INFO] [2017-03-15 17:31:17][org.springframework.context.support.GenericApplicationContext]Refreshing org.springframework.context.support.GenericApplicationContext@f6c48ac: startup date [Wed Mar 15 17:31:17 CST 2017]; root of context hierarchy
[INFO] [2017-03-15 17:31:17][org.springframework.beans.factory.config.PropertyPlaceholderConfigurer]Loading properties file from class path resource [jdbc.properties]
[INFO] [2017-03-15 17:31:17][org.springframework.beans.factory.annotation.AutowiredAnnotationBeanPostProcessor]JSR-330 'javax.inject.Inject' annotation found and supported for autowiring
[INFO] [2017-03-15 17:31:18][cn.hitachi.materialDB.test.TestMyBatis]{"password":"123456","type":"admin","userId":1,"username":"zouzijun135@gmail.com"}
[INFO] [2017-03-15 17:31:18][org.springframework.context.support.GenericApplicationContext]Closing org.springframework.context.support.GenericApplicationContext@f6c48ac: startup date [Wed Mar 15 17:31:17 CST 2017]; root of context hierarchy
[INFO] [2017-03-15 17:35:57][org.springframework.beans.factory.xml.XmlBeanDefinitionReader]Loading XML bean definitions from class path resource [spring-mybatis.xml]
[INFO] [2017-03-15 17:35:58][org.springframework.context.support.GenericApplicationContext]Refreshing org.springframework.context.support.GenericApplicationContext@f6c48ac: startup date [Wed Mar 15 17:35:58 CST 2017]; root of context hierarchy
[INFO] [2017-03-15 17:35:58][org.springframework.beans.factory.config.PropertyPlaceholderConfigurer]Loading properties file from class path resource [jdbc.properties]
[INFO] [2017-03-15 17:35:58][org.springframework.beans.factory.annotation.AutowiredAnnotationBeanPostProcessor]JSR-330 'javax.inject.Inject' annotation found and supported for autowiring
[INFO] [2017-03-15 17:35:59][cn.hitachi.materialDB.test.TestMyBatis]{"password":"123456","type":"admin","userId":1,"username":"zouzijun135@gmail.com"}
[INFO] [2017-03-15 17:35:59][org.springframework.context.support.GenericApplicationContext]Closing org.springframework.context.support.GenericApplicationContext@f6c48ac: startup date [Wed Mar 15 17:35:58 CST 2017]; root of context hierarchy
[INFO] [2017-03-15 20:13:29][org.springframework.beans.factory.xml.XmlBeanDefinitionReader]Loading XML bean definitions from class path resource [spring-mybatis.xml]
[INFO] [2017-03-15 20:13:29][org.springframework.context.support.GenericApplicationContext]Refreshing org.springframework.context.support.GenericApplicationContext@f6c48ac: startup date [Wed Mar 15 20:13:29 CST 2017]; root of context hierarchy
[INFO] [2017-03-15 20:13:29][org.springframework.beans.factory.config.PropertyPlaceholderConfigurer]Loading properties file from class path resource [jdbc.properties]
[INFO] [2017-03-15 20:13:30][org.springframework.beans.factory.annotation.AutowiredAnnotationBeanPostProcessor]JSR-330 'javax.inject.Inject' annotation found and supported for autowiring
[INFO] [2017-03-15 20:13:31][cn.hitachi.materialDB.test.TestMyBatis]{"password":"123456","type":"admin","userId":1,"username":"zouzijun135@gmail.com"}
[INFO] [2017-03-15 20:13:31][org.springframework.context.support.GenericApplicationContext]Closing org.springframework.context.support.GenericApplicationContext@f6c48ac: startup date [Wed Mar 15 20:13:29 CST 2017]; root of context hierarchy
[INFO] [2017-03-15 20:57:56][org.springframework.beans.factory.xml.XmlBeanDefinitionReader]Loading XML bean definitions from class path resource [spring-mybatis.xml]
[INFO] [2017-03-15 20:57:56][org.springframework.context.support.GenericApplicationContext]Refreshing org.springframework.context.support.GenericApplicationContext@f6c48ac: startup date [Wed Mar 15 20:57:56 CST 2017]; root of context hierarchy
[INFO] [2017-03-15 20:57:56][org.springframework.beans.factory.config.PropertyPlaceholderConfigurer]Loading properties file from class path resource [jdbc.properties]
[INFO] [2017-03-15 20:57:56][org.springframework.beans.factory.annotation.AutowiredAnnotationBeanPostProcessor]JSR-330 'javax.inject.Inject' annotation found and supported for autowiring
[INFO] [2017-03-15 20:57:57][cn.hitachi.materialDB.test.TestMyBatis]{"password":"123456","type":"admin","userId":1,"username":"zouzijun135@gmail.com"}
[INFO] [2017-03-15 20:57:57][org.springframework.context.support.GenericApplicationContext]Closing org.springframework.context.support.GenericApplicationContext@f6c48ac: startup date [Wed Mar 15 20:57:56 CST 2017]; root of context hierarchy
[INFO] [2017-03-17 19:29:58][org.springframework.beans.factory.xml.XmlBeanDefinitionReader]Loading XML bean definitions from class path resource [spring-mybatis.xml]
[INFO] [2017-03-17 19:29:58][org.springframework.context.support.GenericApplicationContext]Refreshing org.springframework.context.support.GenericApplicationContext@f6c48ac: startup date [Fri Mar 17 19:29:58 CST 2017]; root of context hierarchy
[INFO] [2017-03-17 19:29:59][org.springframework.beans.factory.config.PropertyPlaceholderConfigurer]Loading properties file from class path resource [jdbc.properties]
[INFO] [2017-03-17 19:29:59][org.springframework.beans.factory.annotation.AutowiredAnnotationBeanPostProcessor]JSR-330 'javax.inject.Inject' annotation found and supported for autowiring
[INFO] [2017-03-17 19:30:00][cn.hitachi.materialDB.test.TestMyBatis]{"password":"123456","type":"admin","userId":1,"username":"zouzijun135@gmail.com"}
[INFO] [2017-03-17 19:30:00][org.springframework.context.support.GenericApplicationContext]Closing org.springframework.context.support.GenericApplicationContext@f6c48ac: startup date [Fri Mar 17 19:29:58 CST 2017]; root of context hierarchy
[INFO] [2017-03-20 13:22:14][org.springframework.beans.factory.xml.XmlBeanDefinitionReader]Loading XML bean definitions from class path resource [spring-mybatis.xml]
[INFO] [2017-03-20 13:22:15][org.springframework.context.support.GenericApplicationContext]Refreshing org.springframework.context.support.GenericApplicationContext@239963d8: startup date [Mon Mar 20 13:22:15 CST 2017]; root of context hierarchy
[INFO] [2017-03-20 13:22:15][org.springframework.beans.factory.config.PropertyPlaceholderConfigurer]Loading properties file from class path resource [jdbc.properties]
[INFO] [2017-03-20 13:22:15][org.springframework.beans.factory.annotation.AutowiredAnnotationBeanPostProcessor]JSR-330 'javax.inject.Inject' annotation found and supported for autowiring
[INFO] [2017-03-20 13:22:17][cn.hitachi.materialDB.test.TestMyBatis]{"password":"123456","type":"admin","userId":1,"username":"zouzijun135@gmail.com"}
[INFO] [2017-03-20 13:22:17][org.springframework.context.support.GenericApplicationContext]Closing org.springframework.context.support.GenericApplicationContext@239963d8: startup date [Mon Mar 20 13:22:15 CST 2017]; root of context hierarchy
[INFO] [2017-03-20 17:24:02][org.springframework.beans.factory.xml.XmlBeanDefinitionReader]Loading XML bean definitions from class path resource [spring-mybatis.xml]
[INFO] [2017-03-20 17:24:02][org.springframework.context.support.GenericApplicationContext]Refreshing org.springframework.context.support.GenericApplicationContext@239963d8: startup date [Mon Mar 20 17:24:02 CST 2017]; root of context hierarchy
[INFO] [2017-03-20 17:24:02][org.springframework.beans.factory.config.PropertyPlaceholderConfigurer]Loading properties file from class path resource [jdbc.properties]
[INFO] [2017-03-20 17:24:02][org.springframework.beans.factory.annotation.AutowiredAnnotationBeanPostProcessor]JSR-330 'javax.inject.Inject' annotation found and supported for autowiring
[INFO] [2017-03-20 17:24:03][cn.hitachi.materialDB.test.TestMyBatis]{"password":"123456","type":"admin","userId":1,"username":"zouzijun135@gmail.com"}
[INFO] [2017-03-20 17:24:03][org.springframework.context.support.GenericApplicationContext]Closing org.springframework.context.support.GenericApplicationContext@239963d8: startup date [Mon Mar 20 17:24:02 CST 2017]; root of context hierarchy
[INFO] [2017-03-20 18:37:01][org.springframework.beans.factory.xml.XmlBeanDefinitionReader]Loading XML bean definitions from class path resource [spring-mybatis.xml]
[INFO] [2017-03-20 18:37:01][org.springframework.context.support.GenericApplicationContext]Refreshing org.springframework.context.support.GenericApplicationContext@239963d8: startup date [Mon Mar 20 18:37:01 CST 2017]; root of context hierarchy
[INFO] [2017-03-20 18:37:01][org.springframework.beans.factory.config.PropertyPlaceholderConfigurer]Loading properties file from class path resource [jdbc.properties]
[INFO] [2017-03-20 18:37:01][org.springframework.beans.factory.annotation.AutowiredAnnotationBeanPostProcessor]JSR-330 'javax.inject.Inject' annotation found and supported for autowiring
[INFO] [2017-03-20 18:37:03][cn.hitachi.materialDB.test.TestMyBatis]{"password":"123456","type":"admin","userId":1,"username":"zouzijun135@gmail.com"}
[INFO] [2017-03-20 18:37:03][org.springframework.context.support.GenericApplicationContext]Closing org.springframework.context.support.GenericApplicationContext@239963d8: startup date [Mon Mar 20 18:37:01 CST 2017]; root of context hierarchy
[INFO] [2017-03-21 14:25:11][org.springframework.beans.factory.xml.XmlBeanDefinitionReader]Loading XML bean definitions from class path resource [spring-mybatis.xml]
[INFO] [2017-03-21 14:25:12][org.springframework.context.support.GenericApplicationContext]Refreshing org.springframework.context.support.GenericApplicationContext@239963d8: startup date [Tue Mar 21 14:25:12 CST 2017]; root of context hierarchy
[INFO] [2017-03-21 14:25:12][org.springframework.beans.factory.config.PropertyPlaceholderConfigurer]Loading properties file from class path resource [jdbc.properties]
[INFO] [2017-03-21 14:25:12][org.springframework.beans.factory.annotation.AutowiredAnnotationBeanPostProcessor]JSR-330 'javax.inject.Inject' annotation found and supported for autowiring
[INFO] [2017-03-21 14:25:13][cn.hitachi.materialDB.test.TestMyBatis]{"password":"123456","type":"admin","userId":1,"username":"zouzijun135@gmail.com"}
[INFO] [2017-03-21 14:25:13][org.springframework.context.support.GenericApplicationContext]Closing org.springframework.context.support.GenericApplicationContext@239963d8: startup date [Tue Mar 21 14:25:12 CST 2017]; root of context hierarchy
[INFO] [2017-03-21 16:33:39][org.springframework.beans.factory.xml.XmlBeanDefinitionReader]Loading XML bean definitions from class path resource [spring-mybatis.xml]
[INFO] [2017-03-21 16:33:39][org.springframework.context.support.GenericApplicationContext]Refreshing org.springframework.context.support.GenericApplicationContext@239963d8: startup date [Tue Mar 21 16:33:39 CST 2017]; root of context hierarchy
[INFO] [2017-03-21 16:33:40][org.springframework.beans.factory.config.PropertyPlaceholderConfigurer]Loading properties file from class path resource [jdbc.properties]
[INFO] [2017-03-21 16:33:40][org.springframework.beans.factory.annotation.AutowiredAnnotationBeanPostProcessor]JSR-330 'javax.inject.Inject' annotation found and supported for autowiring
[INFO] [2017-03-21 16:33:41][cn.hitachi.materialDB.test.TestMyBatis]{"password":"123456","type":"admin","userId":1,"username":"zouzijun135@gmail.com"}
[INFO] [2017-03-21 16:33:41][org.springframework.context.support.GenericApplicationContext]Closing org.springframework.context.support.GenericApplicationContext@239963d8: startup date [Tue Mar 21 16:33:39 CST 2017]; root of context hierarchy
[INFO] [2017-03-21 20:13:54][org.springframework.beans.factory.xml.XmlBeanDefinitionReader]Loading XML bean definitions from class path resource [spring-mybatis.xml]
[INFO] [2017-03-21 20:13:54][org.springframework.context.support.GenericApplicationContext]Refreshing org.springframework.context.support.GenericApplicationContext@239963d8: startup date [Tue Mar 21 20:13:54 CST 2017]; root of context hierarchy
[INFO] [2017-03-21 20:13:55][org.springframework.beans.factory.config.PropertyPlaceholderConfigurer]Loading properties file from class path resource [jdbc.properties]
[INFO] [2017-03-21 20:13:55][org.springframework.beans.factory.annotation.AutowiredAnnotationBeanPostProcessor]JSR-330 'javax.inject.Inject' annotation found and supported for autowiring
[INFO] [2017-03-21 20:13:56][cn.hitachi.materialDB.test.TestMyBatis]{"password":"123456","type":"admin","userId":1,"username":"zouzijun135@gmail.com"}
[INFO] [2017-03-21 20:13:56][org.springframework.context.support.GenericApplicationContext]Closing org.springframework.context.support.GenericApplicationContext@239963d8: startup date [Tue Mar 21 20:13:54 CST 2017]; root of context hierarchy
[INFO] [2017-03-22 09:44:52][org.springframework.beans.factory.xml.XmlBeanDefinitionReader]Loading XML bean definitions from class path resource [spring-mybatis.xml]
[INFO] [2017-03-22 09:44:52][org.springframework.context.support.GenericApplicationContext]Refreshing org.springframework.context.support.GenericApplicationContext@239963d8: startup date [Wed Mar 22 09:44:52 CST 2017]; root of context hierarchy
[INFO] [2017-03-22 09:44:52][org.springframework.beans.factory.config.PropertyPlaceholderConfigurer]Loading properties file from class path resource [jdbc.properties]
[INFO] [2017-03-22 09:44:52][org.springframework.beans.factory.annotation.AutowiredAnnotationBeanPostProcessor]JSR-330 'javax.inject.Inject' annotation found and supported for autowiring
[INFO] [2017-03-22 09:44:53][cn.hitachi.materialDB.test.TestMyBatis]{"password":"123456","type":"admin","userId":1,"username":"zouzijun135@gmail.com"}
[INFO] [2017-03-22 09:44:53][org.springframework.context.support.GenericApplicationContext]Closing org.springframework.context.support.GenericApplicationContext@239963d8: startup date [Wed Mar 22 09:44:52 CST 2017]; root of context hierarchy
[INFO] [2017-03-22 10:47:36][org.springframework.beans.factory.xml.XmlBeanDefinitionReader]Loading XML bean definitions from class path resource [spring-mybatis.xml]
[INFO] [2017-03-22 10:47:36][org.springframework.context.support.GenericApplicationContext]Refreshing org.springframework.context.support.GenericApplicationContext@239963d8: startup date [Wed Mar 22 10:47:36 CST 2017]; root of context hierarchy
[INFO] [2017-03-22 10:47:36][org.springframework.beans.factory.config.PropertyPlaceholderConfigurer]Loading properties file from class path resource [jdbc.properties]
[INFO] [2017-03-22 10:47:36][org.springframework.beans.factory.annotation.AutowiredAnnotationBeanPostProcessor]JSR-330 'javax.inject.Inject' annotation found and supported for autowiring
[INFO] [2017-03-22 10:47:38][cn.hitachi.materialDB.test.TestMyBatis]{"password":"123456","type":"admin","userId":1,"username":"zouzijun135@gmail.com"}
[INFO] [2017-03-22 10:47:38][org.springframework.context.support.GenericApplicationContext]Closing org.springframework.context.support.GenericApplicationContext@239963d8: startup date [Wed Mar 22 10:47:36 CST 2017]; root of context hierarchy
[INFO] [2017-03-22 20:18:45][org.springframework.beans.factory.xml.XmlBeanDefinitionReader]Loading XML bean definitions from class path resource [spring-mybatis.xml]
[INFO] [2017-03-22 20:18:46][org.springframework.context.support.GenericApplicationContext]Refreshing org.springframework.context.support.GenericApplicationContext@239963d8: startup date [Wed Mar 22 20:18:46 CST 2017]; root of context hierarchy
[INFO] [2017-03-22 20:18:46][org.springframework.beans.factory.config.PropertyPlaceholderConfigurer]Loading properties file from class path resource [jdbc.properties]
[INFO] [2017-03-22 20:18:46][org.springframework.beans.factory.annotation.AutowiredAnnotationBeanPostProcessor]JSR-330 'javax.inject.Inject' annotation found and supported for autowiring
[INFO] [2017-03-22 20:18:47][cn.hitachi.materialDB.test.TestMyBatis]{"password":"123456","type":"admin","userId":1,"username":"zouzijun135@gmail.com"}
[INFO] [2017-03-22 20:18:47][org.springframework.context.support.GenericApplicationContext]Closing org.springframework.context.support.GenericApplicationContext@239963d8: startup date [Wed Mar 22 20:18:46 CST 2017]; root of context hierarchy
[INFO] [2017-06-26 18:06:34][org.springframework.beans.factory.xml.XmlBeanDefinitionReader]Loading XML bean definitions from class path resource [spring-mybatis.xml]
[INFO] [2017-06-26 18:06:34][org.springframework.context.support.GenericApplicationContext]Refreshing org.springframework.context.support.GenericApplicationContext@f6c48ac: startup date [Mon Jun 26 18:06:34 CST 2017]; root of context hierarchy
[INFO] [2017-06-26 18:06:34][org.springframework.beans.factory.config.PropertyPlaceholderConfigurer]Loading properties file from class path resource [jdbc.properties]
[INFO] [2017-06-26 18:06:34][org.springframework.beans.factory.annotation.AutowiredAnnotationBeanPostProcessor]JSR-330 'javax.inject.Inject' annotation found and supported for autowiring
[ERROR] [2017-06-26 18:06:35][org.springframework.test.context.TestContextManager]Caught exception while allowing TestExecutionListener [org.springframework.test.context.support.DependencyInjectionTestExecutionListener@60099951] to prepare test instance [cn.hitachi.materialDB.test.TestMyBatis@20140db9]
java.lang.IllegalStateException: Failed to load ApplicationContext
	at org.springframework.test.context.CacheAwareContextLoaderDelegate.loadContext(CacheAwareContextLoaderDelegate.java:99)
	at org.springframework.test.context.DefaultTestContext.getApplicationContext(DefaultTestContext.java:101)
	at org.springframework.test.context.support.DependencyInjectionTestExecutionListener.injectDependencies(DependencyInjectionTestExecutionListener.java:109)
	at org.springframework.test.context.support.DependencyInjectionTestExecutionListener.prepareTestInstance(DependencyInjectionTestExecutionListener.java:75)
	at org.springframework.test.context.TestContextManager.prepareTestInstance(TestContextManager.java:319)
	at org.springframework.test.context.junit4.SpringJUnit4ClassRunner.createTest(SpringJUnit4ClassRunner.java:212)
	at org.springframework.test.context.junit4.SpringJUnit4ClassRunner$1.runReflectiveCall(SpringJUnit4ClassRunner.java:289)
	at org.junit.internal.runners.model.ReflectiveCallable.run(ReflectiveCallable.java:12)
	at org.springframework.test.context.junit4.SpringJUnit4ClassRunner.methodBlock(SpringJUnit4ClassRunner.java:291)
	at org.springframework.test.context.junit4.SpringJUnit4ClassRunner.runChild(SpringJUnit4ClassRunner.java:232)
	at org.springframework.test.context.junit4.SpringJUnit4ClassRunner.runChild(SpringJUnit4ClassRunner.java:89)
	at org.junit.runners.ParentRunner$3.run(ParentRunner.java:290)
	at org.junit.runners.ParentRunner$1.schedule(ParentRunner.java:71)
	at org.junit.runners.ParentRunner.runChildren(ParentRunner.java:288)
	at org.junit.runners.ParentRunner.access$000(ParentRunner.java:58)
	at org.junit.runners.ParentRunner$2.evaluate(ParentRunner.java:268)
	at org.springframework.test.context.junit4.statements.RunBeforeTestClassCallbacks.evaluate(RunBeforeTestClassCallbacks.java:61)
	at org.springframework.test.context.junit4.statements.RunAfterTestClassCallbacks.evaluate(RunAfterTestClassCallbacks.java:71)
	at org.junit.runners.ParentRunner.run(ParentRunner.java:363)
	at org.springframework.test.context.junit4.SpringJUnit4ClassRunner.run(SpringJUnit4ClassRunner.java:175)
	at org.apache.maven.surefire.junit4.JUnit4Provider.execute(JUnit4Provider.java:252)
	at org.apache.maven.surefire.junit4.JUnit4Provider.executeTestSet(JUnit4Provider.java:141)
	at org.apache.maven.surefire.junit4.JUnit4Provider.invoke(JUnit4Provider.java:112)
	at sun.reflect.NativeMethodAccessorImpl.invoke0(Native Method)
	at sun.reflect.NativeMethodAccessorImpl.invoke(NativeMethodAccessorImpl.java:62)
	at sun.reflect.DelegatingMethodAccessorImpl.invoke(DelegatingMethodAccessorImpl.java:43)
	at java.lang.reflect.Method.invoke(Method.java:498)
	at org.apache.maven.surefire.util.ReflectionUtils.invokeMethodWithArray(ReflectionUtils.java:189)
	at org.apache.maven.surefire.booter.ProviderFactory$ProviderProxy.invoke(ProviderFactory.java:165)
	at org.apache.maven.surefire.booter.ProviderFactory.invokeProvider(ProviderFactory.java:85)
	at org.apache.maven.surefire.booter.ForkedBooter.runSuitesInProcess(ForkedBooter.java:115)
	at org.apache.maven.surefire.booter.ForkedBooter.main(ForkedBooter.java:75)
Caused by: org.springframework.beans.factory.BeanCreationException: Error creating bean with name 'userController' defined in file [C:\Users\ESDC\workspace\materialDB\target\classes\cn\hitachi\materialDB\controller\UserController.class]: Instantiation of bean failed; nested exception is org.springframework.beans.BeanInstantiationException: Could not instantiate bean class [cn.hitachi.materialDB.controller.UserController]: Constructor threw exception; nested exception is java.lang.Error: Unresolved compilation problems: 
	The import cn.hitachi.project cannot be resolved
	The import cn.hitachi.project cannot be resolved
	ProjectStaffInfo cannot be resolved
	ProjectInnerResource cannot be resolved
	ProjectInnerResource cannot be resolved

	at org.springframework.beans.factory.support.AbstractAutowireCapableBeanFactory.instantiateBean(AbstractAutowireCapableBeanFactory.java:1076)
	at org.springframework.beans.factory.support.AbstractAutowireCapableBeanFactory.createBeanInstance(AbstractAutowireCapableBeanFactory.java:1021)
	at org.springframework.beans.factory.support.AbstractAutowireCapableBeanFactory.doCreateBean(AbstractAutowireCapableBeanFactory.java:504)
	at org.springframework.beans.factory.support.AbstractAutowireCapableBeanFactory.createBean(AbstractAutowireCapableBeanFactory.java:475)
	at org.springframework.beans.factory.support.AbstractBeanFactory$1.getObject(AbstractBeanFactory.java:304)
	at org.springframework.beans.factory.support.DefaultSingletonBeanRegistry.getSingleton(DefaultSingletonBeanRegistry.java:228)
	at org.springframework.beans.factory.support.AbstractBeanFactory.doGetBean(AbstractBeanFactory.java:300)
	at org.springframework.beans.factory.support.AbstractBeanFactory.getBean(AbstractBeanFactory.java:195)
	at org.springframework.beans.factory.support.DefaultListableBeanFactory.preInstantiateSingletons(DefaultListableBeanFactory.java:700)
	at org.springframework.context.support.AbstractApplicationContext.finishBeanFactoryInitialization(AbstractApplicationContext.java:760)
	at org.springframework.context.support.AbstractApplicationContext.refresh(AbstractApplicationContext.java:482)
	at org.springframework.test.context.support.AbstractGenericContextLoader.loadContext(AbstractGenericContextLoader.java:121)
	at org.springframework.test.context.support.AbstractGenericContextLoader.loadContext(AbstractGenericContextLoader.java:60)
	at org.springframework.test.context.support.AbstractDelegatingSmartContextLoader.delegateLoading(AbstractDelegatingSmartContextLoader.java:100)
	at org.springframework.test.context.support.AbstractDelegatingSmartContextLoader.loadContext(AbstractDelegatingSmartContextLoader.java:250)
	at org.springframework.test.context.CacheAwareContextLoaderDelegate.loadContextInternal(CacheAwareContextLoaderDelegate.java:64)
	at org.springframework.test.context.CacheAwareContextLoaderDelegate.loadContext(CacheAwareContextLoaderDelegate.java:91)
	... 31 more
Caused by: org.springframework.beans.BeanInstantiationException: Could not instantiate bean class [cn.hitachi.materialDB.controller.UserController]: Constructor threw exception; nested exception is java.lang.Error: Unresolved compilation problems: 
	The import cn.hitachi.project cannot be resolved
	The import cn.hitachi.project cannot be resolved
	ProjectStaffInfo cannot be resolved
	ProjectInnerResource cannot be resolved
	ProjectInnerResource cannot be resolved

	at org.springframework.beans.BeanUtils.instantiateClass(BeanUtils.java:164)
	at org.springframework.beans.factory.support.SimpleInstantiationStrategy.instantiate(SimpleInstantiationStrategy.java:89)
	at org.springframework.beans.factory.support.AbstractAutowireCapableBeanFactory.instantiateBean(AbstractAutowireCapableBeanFactory.java:1069)
	... 47 more
Caused by: java.lang.Error: Unresolved compilation problems: 
	The import cn.hitachi.project cannot be resolved
	The import cn.hitachi.project cannot be resolved
	ProjectStaffInfo cannot be resolved
	ProjectInnerResource cannot be resolved
	ProjectInnerResource cannot be resolved

	at cn.hitachi.materialDB.controller.UserController.<init>(UserController.java:25)
	at sun.reflect.NativeConstructorAccessorImpl.newInstance0(Native Method)
	at sun.reflect.NativeConstructorAccessorImpl.newInstance(NativeConstructorAccessorImpl.java:62)
	at sun.reflect.DelegatingConstructorAccessorImpl.newInstance(DelegatingConstructorAccessorImpl.java:45)
	at java.lang.reflect.Constructor.newInstance(Constructor.java:423)
	at org.springframework.beans.BeanUtils.instantiateClass(BeanUtils.java:148)
	... 49 more
